c:\users\harooonie\documents\uni work\fundamental of games\assessment 2\solarsystem\solarsystem\debug\vc142.pdb
c:\users\harooonie\documents\uni work\fundamental of games\assessment 2\solarsystem\solarsystem\debug\vc142.idb
c:\users\harooonie\documents\uni work\fundamental of games\assessment 2\solarsystem\solarsystem\debug\texture.obj
c:\users\harooonie\documents\uni work\fundamental of games\assessment 2\solarsystem\solarsystem\debug\solarsystem.obj
c:\users\harooonie\documents\uni work\fundamental of games\assessment 2\solarsystem\solarsystem\debug\main.obj
c:\users\harooonie\documents\uni work\fundamental of games\assessment 2\solarsystem\solarsystem\debug\glutcallbacks.obj
c:\users\harooonie\documents\uni work\fundamental of games\assessment 2\solarsystem\solarsystem\debug\planets.obj
c:\users\harooonie\documents\uni work\fundamental of games\assessment 2\solarsystem copy\solarsystem\debug\vc142.pdb
c:\users\harooonie\documents\uni work\fundamental of games\assessment 2\solarsystem copy\solarsystem\debug\vc142.idb
c:\users\harooonie\documents\uni work\fundamental of games\assessment 2\solarsystem copy\solarsystem\debug\texture.obj
c:\users\harooonie\documents\uni work\fundamental of games\assessment 2\solarsystem\debug\solarsystem.exe
c:\users\harooonie\documents\uni work\fundamental of games\assessment 2\solarsystem\debug\solarsystem.ilk
c:\users\harooonie\documents\uni work\fundamental of games\assessment 2\solarsystem\debug\solarsystem.pdb
c:\users\harooonie\documents\uni work\fundamental of games\assessment 2\solarsystem copy\solarsystem\debug\glutcallbacks.obj
c:\users\harooonie\documents\uni work\fundamental of games\assessment 2\solarsystem copy\solarsystem\debug\main.obj
c:\users\harooonie\documents\uni work\fundamental of games\assessment 2\solarsystem copy\solarsystem\debug\planets.obj
c:\users\harooonie\documents\uni work\fundamental of games\assessment 2\solarsystem copy\solarsystem\debug\solarsystem.obj
c:\users\harooonie\documents\uni work\fundamental of games\assessment 2\solarsystem copy\debug\solarsystem.pdb
c:\users\harooonie\documents\uni work\fundamental of games\assessment 2\solarsystem copy\debug\solarsystem.exe
c:\users\harooonie\documents\uni work\fundamental of games\assessment 2\solarsystem copy\debug\solarsystem.ilk
c:\users\harooonie\documents\uni work\fundamental of games\assessment 2\solarsystem copy\solarsystem\debug\solarsystem.tlog\cl.command.1.tlog
c:\users\harooonie\documents\uni work\fundamental of games\assessment 2\solarsystem copy\solarsystem\debug\solarsystem.tlog\cl.read.1.tlog
c:\users\harooonie\documents\uni work\fundamental of games\assessment 2\solarsystem copy\solarsystem\debug\solarsystem.tlog\cl.write.1.tlog
c:\users\harooonie\documents\uni work\fundamental of games\assessment 2\solarsystem copy\solarsystem\debug\solarsystem.tlog\link.command.1.tlog
c:\users\harooonie\documents\uni work\fundamental of games\assessment 2\solarsystem copy\solarsystem\debug\solarsystem.tlog\link.read.1.tlog
c:\users\harooonie\documents\uni work\fundamental of games\assessment 2\solarsystem copy\solarsystem\debug\solarsystem.tlog\link.write.1.tlog
